0 info it worked if it ends with ok
1 verbose cli [
1 verbose cli   '/home/nahinojo/.nvm/versions/node/v20.3.0/bin/node',
1 verbose cli   '/home/nahinojo/node_modules/.bin/npm',
1 verbose cli   'run',
1 verbose cli   'type-check'
1 verbose cli ]
2 info using npm@2.15.12
3 info using node@v20.3.0
4 verbose run-script [ 'pretype-check', 'type-check', 'posttype-check' ]
5 info pretype-check requifill@0.0.2
6 info type-check requifill@0.0.2
7 verbose unsafe-perm in lifecycle true
8 info requifill@0.0.2 Failed to exec type-check script
9 verbose stack Error: requifill@0.0.2 type-check: `npx tsc --noEmit`
9 verbose stack Exit status 2
9 verbose stack     at EventEmitter.<anonymous> (/home/nahinojo/node_modules/npm/lib/utils/lifecycle.js:217:16)
9 verbose stack     at EventEmitter.emit (node:events:511:28)
9 verbose stack     at ChildProcess.<anonymous> (/home/nahinojo/node_modules/npm/lib/utils/spawn.js:24:14)
9 verbose stack     at ChildProcess.emit (node:events:511:28)
9 verbose stack     at maybeClose (node:internal/child_process:1098:16)
9 verbose stack     at ChildProcess._handle.onexit (node:internal/child_process:304:5)
10 verbose pkgid requifill@0.0.2
11 verbose cwd /home/nahinojo/Projects/Repositories/requifill
12 error Linux 5.15.0-83-generic
13 error argv "/home/nahinojo/.nvm/versions/node/v20.3.0/bin/node" "/home/nahinojo/node_modules/.bin/npm" "run" "type-check"
14 error node v20.3.0
15 error npm  v2.15.12
16 error code ELIFECYCLE
17 error requifill@0.0.2 type-check: `npx tsc --noEmit`
17 error Exit status 2
18 error Failed at the requifill@0.0.2 type-check script 'npx tsc --noEmit'.
18 error This is most likely a problem with the requifill package,
18 error not with npm itself.
18 error Tell the author that this fails on your system:
18 error     npx tsc --noEmit
18 error You can get information on how to open an issue for this project with:
18 error     npm bugs requifill
18 error Or if that isn't available, you can get their info via:
18 error
18 error     npm owner ls requifill
18 error There is likely additional logging output above.
19 verbose exit [ 1, true ]
